2026-05-02T04:37:28.484Z - Rupesh: 21.845963, 84.357525
2026-05-02T04:37:30.234Z - Rupesh: 21.845963, 84.357525
2026-05-02T04:37:35.295Z - Rupesh: 21.845963, 84.357525
2026-05-02T04:37:51.211Z - Rupesh: 21.845963, 84.357525
2026-05-02T04:37:53.074Z - Rupesh: 21.845963, 84.357525
2026-05-02T04:37:58.073Z - Rupesh: 21.845963, 84.357525
2026-05-02T04:38:06.260Z - Rupesh: 21.845963, 84.357525
2026-05-02T04:38:08.169Z - Rupesh: 21.845963, 84.357525
2026-05-02T04:38:13.108Z - Rupesh: 21.845963, 84.357525
2026-05-02T04:38:21.196Z - Rupesh: 21.845963, 84.357525
2026-05-02T04:38:23.070Z - Rupesh: 21.845963, 84.357525
2026-05-02T04:38:28.063Z - Rupesh: 21.845963, 84.357525
2026-05-02T04:38:36.252Z - Rupesh: 21.845963, 84.357525
2026-05-02T04:38:38.072Z - Rupesh: 21.845963, 84.357525
2026-05-02T04:38:48.402Z - Rupesh: 21.845963, 84.357525
2026-05-02T04:38:56.649Z - Rupesh: 21.845963, 84.357525
2026-05-02T04:38:58.568Z - Rupesh: 21.845963, 84.357525
2026-05-02T04:39:03.557Z - Rupesh: 21.845963, 84.357525
2026-05-02T04:39:11.675Z - Rupesh: 21.845963, 84.357525
2026-05-02T04:39:13.537Z - Rupesh: 21.845963, 84.357525
2026-05-02T04:39:18.543Z - Rupesh: 21.845963, 84.357525
2026-05-02T04:39:26.629Z - Rupesh: 21.845963, 84.357525
2026-05-02T04:39:28.544Z - Rupesh: 21.845963, 84.357525
2026-05-02T04:39:53.994Z - Tapas: 21.845963, 84.357525
2026-05-02T04:39:55.792Z - Tapas: 21.845963, 84.357525
2026-05-02T04:40:00.828Z - Tapas: 21.845963, 84.357525
2026-05-02T04:40:08.964Z - Tapas: 21.845963, 84.357525
2026-05-02T04:40:10.766Z - Tapas: 21.845963, 84.357525
2026-05-02T04:40:15.797Z - Tapas: 21.845963, 84.357525
2026-05-02T04:40:23.892Z - Tapas: 21.845963, 84.357525
2026-05-02T04:40:25.652Z - Tapas: 20.296059, 85.824539
2026-05-02T04:40:30.643Z - Tapas: 20.296059, 85.824539
2026-05-02T04:40:35.643Z - Tapas: 20.296059, 85.824539
2026-05-02T04:40:40.655Z - Tapas: 20.296059, 85.824539
2026-05-02T04:40:45.656Z - Tapas: 20.296059, 85.824539
2026-05-02T04:40:50.649Z - Tapas: 20.296059, 85.824539
2026-05-02T04:40:55.652Z - Tapas: 20.296059, 85.824539
2026-05-02T04:41:00.648Z - Tapas: 20.296059, 85.824539
2026-05-02T04:41:05.654Z - Tapas: 20.296059, 85.824539
2026-05-02T04:41:10.648Z - Tapas: 20.296059, 85.824539
2026-05-02T04:41:15.658Z - Tapas: 20.296059, 85.824539
2026-05-02T04:41:20.652Z - Tapas: 20.296059, 85.824539
2026-05-02T04:41:25.651Z - Tapas: 20.296059, 85.824539
2026-05-02T04:41:30.658Z - Tapas: 20.296059, 85.824539
2026-05-02T04:41:35.648Z - Tapas: 20.296059, 85.824539
2026-05-02T04:41:40.661Z - Tapas: 20.296059, 85.824539
2026-05-02T04:41:45.649Z - Tapas: 20.296059, 85.824539
2026-05-02T04:41:50.645Z - Tapas: 20.296059, 85.824539
2026-05-02T04:42:11.308Z - User: 20.296059, 85.824539
2026-05-02T04:42:16.288Z - User: 20.296059, 85.824539
2026-05-02T04:42:21.293Z - User: 20.296059, 85.824539
2026-05-02T04:42:26.294Z - User: 20.296059, 85.824539
2026-05-02T04:42:37.035Z - Rupesh: 20.296059, 85.824539
2026-05-02T04:42:42.042Z - Rupesh: 20.296059, 85.824539
2026-05-02T04:42:47.156Z - Rupesh: 21.845963, 84.357525
2026-05-02T04:42:52.157Z - Rupesh: 21.845963, 84.357525
2026-05-02T04:42:57.134Z - Rupesh: 21.845963, 84.357525
2026-05-02T04:43:05.288Z - Rupesh: 21.845963, 84.357525
2026-05-02T04:43:07.130Z - Rupesh: 21.845963, 84.357525
2026-05-02T04:43:12.186Z - Rupesh: 21.845963, 84.357525
2026-05-02T04:43:20.240Z - Rupesh: 21.845963, 84.357525
2026-05-02T04:43:22.145Z - Rupesh: 21.845963, 84.357525
2026-05-02T04:43:27.544Z - Rupesh: 21.845963, 84.357525
2026-05-02T04:43:35.714Z - Rupesh: 21.845963, 84.357525
2026-05-02T04:43:37.547Z - Rupesh: 21.845963, 84.357525
2026-05-02T04:43:42.638Z - Rupesh: 21.845963, 84.357525
2026-05-02T04:43:50.863Z - Rupesh: 21.845963, 84.357525
2026-05-02T04:43:52.540Z - Rupesh: 21.845963, 84.357525
2026-05-02T04:43:57.537Z - Rupesh: 21.845963, 84.357525
2026-05-02T04:44:05.706Z - Rupesh: 21.845963, 84.357525
2026-05-02T04:44:07.539Z - Rupesh: 21.845963, 84.357525
2026-05-02T04:44:12.523Z - Rupesh: 21.845963, 84.357525
2026-05-02T04:44:20.642Z - Rupesh: 21.845963, 84.357525
2026-05-02T04:44:22.552Z - Rupesh: 21.845963, 84.357525
2026-05-02T04:45:19.685Z - Rupesh: 21.845963, 84.357525
2026-05-02T04:46:19.709Z - Rupesh: 21.845963, 84.357525
2026-05-02T04:47:16.540Z - Rupesh: 21.845963, 84.357525
2026-05-02T04:48:16.560Z - Rupesh: 21.845963, 84.357525
2026-05-02T04:49:16.578Z - Rupesh: 21.845963, 84.357525
2026-05-02T04:50:16.558Z - Rupesh: 21.845963, 84.357525
2026-05-02T04:51:16.548Z - Rupesh: 21.845963, 84.357525
2026-05-02T04:52:16.575Z - Rupesh: 21.845963, 84.357525
2026-05-02T04:53:19.750Z - Rupesh: 21.845963, 84.357525
2026-05-02T04:54:16.556Z - Rupesh: 21.845963, 84.357525
2026-05-02T04:55:19.671Z - Rupesh: 21.845963, 84.357525
2026-05-02T04:56:19.659Z - Rupesh: 21.845963, 84.357525
2026-05-02T04:57:19.677Z - Rupesh: 21.845963, 84.357525
2026-05-02T04:58:16.545Z - Rupesh: 21.845963, 84.357525
2026-05-02T04:59:19.659Z - Rupesh: 21.845963, 84.357525
2026-05-02T05:00:19.661Z - Rupesh: 21.845963, 84.357525
2026-05-02T05:01:19.650Z - Rupesh: 21.845963, 84.357525
2026-05-02T05:02:16.582Z - Rupesh: 21.845963, 84.357525
2026-05-02T05:03:16.559Z - Rupesh: 21.845963, 84.357525
2026-05-02T05:04:19.671Z - Rupesh: 21.845963, 84.357525
2026-05-02T05:05:19.659Z - Rupesh: 21.845963, 84.357525
2026-05-02T05:06:16.552Z - Rupesh: 21.845963, 84.357525
2026-05-02T05:07:16.583Z - Rupesh: 21.845963, 84.357525
2026-05-02T05:08:19.735Z - Rupesh: 21.845963, 84.357525
2026-05-02T05:09:19.678Z - Rupesh: 21.845963, 84.357525
2026-05-02T05:10:19.689Z - Rupesh: 21.845963, 84.357525
2026-05-02T05:11:16.557Z - Rupesh: 21.845963, 84.357525
2026-05-02T05:12:19.670Z - Rupesh: 21.845963, 84.357525
2026-05-02T05:13:16.550Z - Rupesh: 21.845963, 84.357525
2026-05-02T05:14:19.463Z - Rupesh: 21.845963, 84.357525
2026-05-02T05:15:03.849Z - Rupesh: 21.845963, 84.357525
2026-05-02T05:15:03.868Z - Rupesh: 21.845963, 84.357525
2026-05-02T05:15:07.128Z - Rupesh: 21.845963, 84.357525
2026-05-02T05:15:12.173Z - Rupesh: 21.845963, 84.357525
2026-05-02T05:15:17.139Z - Rupesh: 21.845963, 84.357525
2026-05-02T05:15:22.133Z - Rupesh: 21.845963, 84.357525
2026-05-02T05:15:30.239Z - Rupesh: 21.845963, 84.357525
2026-05-02T05:15:31.228Z - User_703: 21.845963, 84.357525
2026-05-02T05:15:32.143Z - Rupesh: 21.845963, 84.357525
2026-05-02T05:15:37.128Z - Rupesh: 21.845963, 84.357525
2026-05-02T05:15:45.273Z - Rupesh: 21.845963, 84.357525
2026-05-02T05:15:47.134Z - Rupesh: 21.845963, 84.357525
2026-05-02T05:15:52.151Z - Rupesh: 21.845963, 84.357525
2026-05-02T05:16:00.292Z - Rupesh: 21.845963, 84.357525
2026-05-02T05:16:02.121Z - Rupesh: 21.845963, 84.357525
2026-05-02T05:16:07.148Z - Rupesh: 21.845963, 84.357525
2026-05-02T05:16:15.300Z - Rupesh: 21.845963, 84.357525
2026-05-02T05:16:17.134Z - Rupesh: 21.845963, 84.357525
2026-05-02T05:16:17.143Z - Manas: 21.845963, 84.357525
2026-05-02T05:16:22.152Z - Rupesh: 21.845963, 84.357525
2026-05-02T05:16:22.168Z - Manas: 21.845963, 84.357525
2026-05-02T05:16:30.336Z - Rupesh: 21.845963, 84.357525
2026-05-02T05:16:30.352Z - Manas: 21.845963, 84.357525
2026-05-02T05:16:32.128Z - Rupesh: 21.845963, 84.357525
2026-05-02T05:16:32.135Z - Manas: 21.845963, 84.357525
2026-05-02T05:16:37.146Z - Rupesh: 21.845963, 84.357525
2026-05-02T05:16:37.156Z - Manas: 21.845963, 84.357525
2026-05-02T05:16:45.313Z - Rupesh: 21.845963, 84.357525
2026-05-02T05:16:45.335Z - Manas: 21.845963, 84.357525
2026-05-02T05:16:47.172Z - Rupesh: 21.845963, 84.357525
2026-05-02T05:16:47.182Z - Manas: 21.845963, 84.357525
2026-05-02T05:16:52.133Z - Rupesh: 21.845963, 84.357525
2026-05-02T05:16:52.145Z - Manas: 21.845963, 84.357525
2026-05-02T05:17:02.622Z - Rupesh: 21.845963, 84.357525
2026-05-02T05:17:02.638Z - Manas: 21.845963, 84.357525
2026-05-02T05:17:07.601Z - Rupesh: 21.845963, 84.357525
2026-05-02T05:17:07.614Z - Manas: 21.845963, 84.357525
2026-05-02T05:17:12.536Z - Rupesh: 21.845963, 84.357525
2026-05-02T05:17:12.546Z - Manas: 21.845963, 84.357525
2026-05-02T05:17:20.704Z - Manas: 21.845963, 84.357525
2026-05-02T05:17:20.717Z - Rupesh: 21.845963, 84.357525
2026-05-02T05:17:22.549Z - Rupesh: 21.845963, 84.357525
2026-05-02T05:17:22.556Z - Manas: 21.845963, 84.357525
2026-05-02T05:17:27.560Z - Rupesh: 21.845963, 84.357525
2026-05-02T05:17:27.571Z - Manas: 21.845963, 84.357525
2026-05-02T05:17:35.715Z - Manas: 21.845963, 84.357525
2026-05-02T05:17:35.727Z - Rupesh: 21.845963, 84.357525
2026-05-02T05:17:37.138Z - Manas: 21.845963, 84.357525
2026-05-02T05:17:37.140Z - Rupesh: 21.845963, 84.357525
2026-05-02T05:17:42.131Z - Rupesh: 21.845963, 84.357525
2026-05-02T05:17:42.140Z - Manas: 21.845963, 84.357525
2026-05-02T05:17:50.255Z - Manas: 21.845963, 84.357525
2026-05-02T05:17:50.268Z - Rupesh: 21.845963, 84.357525
2026-05-02T05:17:52.559Z - Rupesh: 21.845963, 84.357525
2026-05-02T05:17:52.566Z - Manas: 21.845963, 84.357525
2026-05-02T05:17:57.562Z - Rupesh: 21.845963, 84.357525
2026-05-02T05:17:57.576Z - Manas: 21.845963, 84.357525
2026-05-02T05:18:05.851Z - Rupesh: 21.845963, 84.357525
2026-05-02T05:18:05.857Z - Manas: 21.845963, 84.357525
2026-05-02T05:18:07.519Z - Rupesh: 21.845963, 84.357525
2026-05-02T05:18:07.527Z - Manas: 21.845963, 84.357525
2026-05-02T05:18:12.551Z - Rupesh: 21.845963, 84.357525
2026-05-02T05:18:12.560Z - Manas: 21.845963, 84.357525
2026-05-02T05:18:20.672Z - Rupesh: 21.845963, 84.357525
2026-05-02T05:18:20.679Z - Manas: 21.845963, 84.357525
2026-05-02T05:18:22.532Z - Rupesh: 21.845963, 84.357525
2026-05-02T05:18:22.539Z - Manas: 21.845963, 84.357525
2026-05-02T05:18:27.541Z - Rupesh: 21.845963, 84.357525
2026-05-02T05:18:27.549Z - Manas: 21.845963, 84.357525
2026-05-02T05:18:35.743Z - Manas: 21.845963, 84.357525
2026-05-02T05:18:35.756Z - Rupesh: 21.845963, 84.357525
2026-05-02T05:18:37.527Z - Rupesh: 21.845963, 84.357525
2026-05-02T05:18:37.536Z - Manas: 21.845963, 84.357525
2026-05-02T05:18:42.594Z - Manas: 21.845963, 84.357525
2026-05-02T05:18:42.606Z - Rupesh: 21.845963, 84.357525
2026-05-02T05:18:52.569Z - Manas: 21.845963, 84.357525
2026-05-02T05:18:52.581Z - Rupesh: 21.845963, 84.357525
2026-05-02T05:18:57.126Z - Manas: 21.845963, 84.357525
2026-05-02T05:18:57.137Z - Rupesh: 21.845963, 84.357525
2026-05-02T05:19:02.539Z - Rupesh: 21.845963, 84.357525
2026-05-02T05:19:02.552Z - Manas: 21.845963, 84.357525
2026-05-02T05:19:12.542Z - Rupesh: 21.845963, 84.357525
2026-05-02T05:19:12.555Z - Manas: 21.845963, 84.357525
2026-05-02T05:19:17.125Z - Rupesh: 21.845963, 84.357525
2026-05-02T05:19:17.134Z - Manas: 21.845963, 84.357525
2026-05-02T05:19:25.674Z - Rupesh: 21.845963, 84.357525
2026-05-02T05:19:25.685Z - Manas: 21.845963, 84.357525
2026-05-02T05:19:27.131Z - Rupesh: 21.845963, 84.357525
2026-05-02T05:19:27.140Z - Manas: 21.845963, 84.357525
2026-05-02T05:19:32.158Z - Rupesh: 21.845963, 84.357525
2026-05-02T05:19:32.170Z - Manas: 21.845963, 84.357525
2026-05-02T05:19:40.244Z - Rupesh: 21.845963, 84.357525
2026-05-02T05:19:40.257Z - Manas: 21.845963, 84.357525
2026-05-02T05:19:42.118Z - Manas: 21.845963, 84.357525
2026-05-02T05:19:42.124Z - Rupesh: 21.845963, 84.357525
2026-05-02T05:19:47.047Z - Manas: 17.385044, 78.486671
2026-05-02T05:19:47.153Z - Rupesh: 21.845963, 84.357525
2026-05-02T05:19:52.047Z - Manas: 17.385044, 78.486671
2026-05-02T05:19:55.280Z - Rupesh: 21.845963, 84.357525
2026-05-02T05:19:57.047Z - Manas: 17.385044, 78.486671
2026-05-02T05:19:57.155Z - Rupesh: 21.845963, 84.357525
2026-05-02T05:20:02.043Z - Manas: 17.385044, 78.486671
2026-05-02T05:20:02.148Z - Rupesh: 21.845963, 84.357525
2026-05-02T05:20:07.048Z - Manas: 17.385044, 78.486671
2026-05-02T05:20:10.227Z - Rupesh: 21.845963, 84.357525
2026-05-02T05:20:12.047Z - Manas: 17.385044, 78.486671
2026-05-02T05:20:12.130Z - Rupesh: 21.845963, 84.357525
2026-05-02T05:20:17.052Z - Manas: 17.385044, 78.486671
2026-05-02T05:20:17.132Z - Rupesh: 21.845963, 84.357525
2026-05-02T05:20:22.043Z - Manas: 17.385044, 78.486671
2026-05-02T05:20:25.224Z - Rupesh: 21.845963, 84.357525
2026-05-02T05:20:27.049Z - Manas: 17.385044, 78.486671
2026-05-02T05:20:27.134Z - Rupesh: 21.845963, 84.357525
2026-05-02T05:20:32.053Z - Manas: 17.385044, 78.486671
2026-05-02T05:20:32.156Z - Rupesh: 21.845963, 84.357525
2026-05-02T05:20:37.053Z - Manas: 17.385044, 78.486671
2026-05-02T05:20:40.301Z - Rupesh: 21.845963, 84.357525
2026-05-02T05:20:42.041Z - Manas: 17.385044, 78.486671
2026-05-02T05:20:42.142Z - Rupesh: 21.845963, 84.357525
2026-05-02T05:20:47.044Z - Manas: 17.385044, 78.486671
2026-05-02T05:20:47.182Z - Rupesh: 21.845963, 84.357525
2026-05-02T05:20:52.039Z - Manas: 17.385044, 78.486671
2026-05-02T05:20:55.287Z - Rupesh: 21.845963, 84.357525
2026-05-02T05:20:57.038Z - Manas: 17.385044, 78.486671
2026-05-02T05:20:57.140Z - Rupesh: 21.845963, 84.357525
2026-05-02T05:21:02.046Z - Manas: 17.385044, 78.486671
2026-05-02T05:21:02.138Z - Rupesh: 21.845963, 84.357525
2026-05-02T05:21:07.053Z - Manas: 17.385044, 78.486671
2026-05-02T05:21:10.224Z - Rupesh: 21.845963, 84.357525
2026-05-02T05:21:12.049Z - Manas: 17.385044, 78.486671
2026-05-02T05:21:12.138Z - Rupesh: 21.845963, 84.357525
2026-05-02T05:21:17.040Z - Manas: 17.385044, 78.486671
2026-05-02T05:21:17.167Z - Rupesh: 21.845963, 84.357525
2026-05-02T05:21:22.428Z - Manas: 17.385044, 78.486671
2026-05-02T05:21:25.680Z - Rupesh: 21.845963, 84.357525
2026-05-02T05:21:27.424Z - Manas: 17.385044, 78.486671
2026-05-02T05:21:27.541Z - Rupesh: 21.845963, 84.357525
2026-05-02T05:21:32.434Z - Manas: 17.385044, 78.486671
2026-05-02T05:21:32.587Z - Rupesh: 21.845963, 84.357525
2026-05-02T05:21:37.439Z - Manas: 17.385044, 78.486671
2026-05-02T05:21:40.655Z - Rupesh: 21.845963, 84.357525
2026-05-02T05:21:42.421Z - Manas: 17.385044, 78.486671
2026-05-02T05:21:42.545Z - Rupesh: 21.845963, 84.357525
2026-05-02T05:21:47.050Z - Manas: 17.385044, 78.486671
2026-05-02T05:21:47.134Z - Rupesh: 21.845963, 84.357525
2026-05-02T05:21:52.047Z - Manas: 17.385044, 78.486671
2026-05-02T05:21:55.263Z - Rupesh: 21.845963, 84.357525
2026-05-02T05:21:57.044Z - Manas: 17.385044, 78.486671
2026-05-02T05:21:57.135Z - Rupesh: 21.845963, 84.357525
2026-05-02T05:22:02.040Z - Manas: 17.385044, 78.486671
2026-05-02T05:22:02.149Z - Rupesh: 21.845963, 84.357525
2026-05-02T05:22:07.046Z - Manas: 17.385044, 78.486671
2026-05-02T05:22:10.261Z - Rupesh: 21.845963, 84.357525
2026-05-02T05:22:12.044Z - Manas: 17.385044, 78.486671
2026-05-02T05:22:12.140Z - Rupesh: 21.845963, 84.357525
2026-05-02T05:22:17.043Z - Manas: 17.385044, 78.486671
2026-05-02T05:22:17.141Z - Rupesh: 21.845963, 84.357525
2026-05-02T05:22:22.042Z - Manas: 17.385044, 78.486671
2026-05-02T05:22:27.432Z - Manas: 17.385044, 78.486671
2026-05-02T05:22:27.550Z - Rupesh: 21.845963, 84.357525
2026-05-02T05:22:32.040Z - Manas: 17.385044, 78.486671
2026-05-02T05:22:32.135Z - Rupesh: 21.845963, 84.357525
2026-05-02T05:22:37.420Z - Manas: 17.385044, 78.486671
2026-05-02T05:22:37.537Z - Rupesh: 21.845963, 84.357525
2026-05-02T05:22:42.431Z - Manas: 17.385044, 78.486671
2026-05-02T05:22:45.749Z - Rupesh: 21.845963, 84.357525
2026-05-02T05:22:47.049Z - Manas: 17.385044, 78.486671
2026-05-02T05:22:47.137Z - Rupesh: 21.845963, 84.357525
2026-05-02T05:22:52.431Z - Manas: 17.385044, 78.486671
2026-05-02T05:22:52.554Z - Rupesh: 21.845963, 84.357525
2026-05-02T05:22:57.433Z - Manas: 17.385044, 78.486671
2026-05-02T05:23:00.694Z - Rupesh: 21.845963, 84.357525
2026-05-02T05:23:02.059Z - Manas: 17.385044, 78.486671
2026-05-02T05:23:02.134Z - Rupesh: 21.845963, 84.357525
2026-05-02T05:23:07.039Z - Manas: 17.385044, 78.486671
2026-05-02T05:23:07.156Z - Rupesh: 21.845963, 84.357525
2026-05-02T05:23:12.047Z - Manas: 17.385044, 78.486671
2026-05-02T05:23:15.256Z - Rupesh: 21.845963, 84.357525
2026-05-02T05:23:17.043Z - Manas: 17.385044, 78.486671
2026-05-02T05:23:17.164Z - Rupesh: 21.845963, 84.357525
2026-05-02T05:23:22.056Z - Manas: 18.52043, 73.856743
2026-05-02T05:23:22.142Z - Rupesh: 21.845963, 84.357525
2026-05-02T05:23:27.049Z - Manas: 18.52043, 73.856743
2026-05-02T05:23:30.215Z - Rupesh: 21.845963, 84.357525
2026-05-02T05:23:32.045Z - Manas: 18.52043, 73.856743
2026-05-02T05:23:32.143Z - Rupesh: 21.845963, 84.357525
2026-05-02T05:23:37.036Z - Manas: 18.52043, 73.856743
2026-05-02T05:23:37.136Z - Rupesh: 21.845963, 84.357525
2026-05-02T05:23:42.045Z - Manas: 18.52043, 73.856743
2026-05-02T05:23:45.486Z - Rupesh: 21.845963, 84.357525
2026-05-02T05:23:47.048Z - Manas: 18.52043, 73.856743
2026-05-02T05:23:47.167Z - Rupesh: 21.845963, 84.357525
2026-05-02T05:23:52.047Z - Manas: 18.52043, 73.856743
2026-05-02T05:23:52.149Z - Rupesh: 21.845963, 84.357525
2026-05-02T05:23:57.056Z - Manas: 18.52043, 73.856743
2026-05-02T05:24:00.315Z - Rupesh: 21.845963, 84.357525
2026-05-02T05:24:02.065Z - Manas: 18.52043, 73.856743
2026-05-02T05:24:02.205Z - Rupesh: 21.845963, 84.357525
2026-05-02T05:24:07.048Z - Manas: 18.52043, 73.856743
2026-05-02T05:24:07.131Z - Rupesh: 21.845963, 84.357525
2026-05-02T05:24:07.329Z - User_705: 21.845963, 84.357525
2026-05-02T05:24:12.049Z - Manas: 18.52043, 73.856743
2026-05-02T05:24:15.291Z - Rupesh: 21.845963, 84.357525
2026-05-02T05:24:15.302Z - User_705: 21.845963, 84.357525
2026-05-02T05:24:17.051Z - Manas: 18.52043, 73.856743
2026-05-02T05:24:17.126Z - Rupesh: 21.845963, 84.357525
2026-05-02T05:24:17.324Z - User_705: 21.845963, 84.357525
2026-05-02T05:24:21.812Z - User_644: 21.845963, 84.357525
2026-05-02T05:24:22.051Z - Manas: 18.52043, 73.856743
2026-05-02T05:24:22.182Z - Rupesh: 21.845963, 84.357525
2026-05-02T05:24:22.195Z - User_705: 21.845963, 84.357525
2026-05-02T05:24:27.049Z - Manas: 18.52043, 73.856743
2026-05-02T05:24:29.815Z - Rupesh: 21.845963, 84.357525
2026-05-02T05:24:29.824Z - User_705: 21.845963, 84.357525
2026-05-02T05:24:29.829Z - User_644: 21.845963, 84.357525
2026-05-02T05:24:31.714Z - User_644: 21.845963, 84.357525
2026-05-02T05:24:32.046Z - Manas: 18.52043, 73.856743
2026-05-02T05:24:32.126Z - Rupesh: 21.845963, 84.357525
2026-05-02T05:24:32.285Z - User_705: 21.845963, 84.357525
2026-05-02T05:24:36.703Z - User_644: 21.845963, 84.357525
2026-05-02T05:24:37.040Z - Manas: 18.52043, 73.856743
2026-05-02T05:24:37.130Z - Rupesh: 21.845963, 84.357525
2026-05-02T05:24:37.293Z - User_705: 21.845963, 84.357525
2026-05-02T05:24:42.049Z - Manas: 18.52043, 73.856743
2026-05-02T05:24:44.806Z - User_644: 21.845963, 84.357525
2026-05-02T05:24:44.814Z - User_705: 21.845963, 84.357525
2026-05-02T05:24:44.822Z - Rupesh: 21.845963, 84.357525
2026-05-02T05:24:46.718Z - User_644: 21.845963, 84.357525
2026-05-02T05:24:47.037Z - Manas: 18.52043, 73.856743
2026-05-02T05:24:47.128Z - Rupesh: 21.845963, 84.357525
2026-05-02T05:24:47.340Z - User_705: 21.845963, 84.357525
2026-05-02T05:24:51.720Z - User_644: 21.845963, 84.357525
2026-05-02T05:24:52.046Z - Manas: 18.52043, 73.856743
2026-05-02T05:24:52.139Z - Rupesh: 21.845963, 84.357525
2026-05-02T05:24:52.287Z - User_705: 21.845963, 84.357525
2026-05-02T05:24:57.050Z - Manas: 18.52043, 73.856743
2026-05-02T05:24:59.805Z - Rupesh: 21.845963, 84.357525
2026-05-02T05:24:59.816Z - User_705: 21.845963, 84.357525
2026-05-02T05:24:59.819Z - User_644: 21.845963, 84.357525
2026-05-02T05:25:01.707Z - User_644: 21.845963, 84.357525
2026-05-02T05:25:02.051Z - Manas: 18.52043, 73.856743
2026-05-02T05:25:02.130Z - Rupesh: 21.845963, 84.357525
2026-05-02T05:25:02.286Z - User_705: 21.845963, 84.357525
2026-05-02T05:25:07.437Z - Manas: 18.52043, 73.856743
2026-05-02T05:25:07.557Z - Rupesh: 21.845963, 84.357525
2026-05-02T05:25:07.566Z - User_644: 21.845963, 84.357525
2026-05-02T05:25:07.568Z - User_705: 21.845963, 84.357525
2026-05-02T05:25:12.039Z - Manas: 18.52043, 73.856743
2026-05-02T05:25:14.806Z - Rupesh: 21.845963, 84.357525
2026-05-02T05:25:14.817Z - User_705: 21.845963, 84.357525
2026-05-02T05:25:14.819Z - User_644: 21.845963, 84.357525
2026-05-02T05:25:16.719Z - User_644: 21.845963, 84.357525
2026-05-02T05:25:17.047Z - Manas: 18.52043, 73.856743
2026-05-02T05:25:17.151Z - Rupesh: 21.845963, 84.357525
2026-05-02T05:25:17.297Z - User_705: 21.845963, 84.357525
2026-05-02T05:25:21.717Z - User_644: 21.845963, 84.357525
2026-05-02T05:25:22.050Z - Manas: 18.52043, 73.856743
2026-05-02T05:25:22.132Z - Rupesh: 21.845963, 84.357525
2026-05-02T05:25:22.296Z - User_705: 21.845963, 84.357525
2026-05-02T05:25:27.041Z - Manas: 18.52043, 73.856743
2026-05-02T05:25:29.810Z - User_705: 21.845963, 84.357525
2026-05-02T05:25:29.821Z - User_644: 21.845963, 84.357525
2026-05-02T05:25:29.825Z - Rupesh: 21.845963, 84.357525
2026-05-02T05:25:31.706Z - User_644: 21.845963, 84.357525
2026-05-02T05:25:32.038Z - Manas: 18.52043, 73.856743
2026-05-02T05:25:32.125Z - Rupesh: 21.845963, 84.357525
2026-05-02T05:25:32.284Z - User_705: 21.845963, 84.357525
2026-05-02T05:25:36.704Z - User_644: 21.845963, 84.357525
2026-05-02T05:25:37.042Z - Manas: 18.52043, 73.856743
2026-05-02T05:25:37.130Z - Rupesh: 21.845963, 84.357525
2026-05-02T05:25:37.285Z - User_705: 21.845963, 84.357525
2026-05-02T05:25:42.049Z - Manas: 18.52043, 73.856743
2026-05-02T05:25:44.790Z - Rupesh: 21.845963, 84.357525
2026-05-02T05:25:44.801Z - User_644: 21.845963, 84.357525
2026-05-02T05:25:44.805Z - User_705: 21.845963, 84.357525
2026-05-02T05:25:46.696Z - User_644: 21.845963, 84.357525
2026-05-02T05:25:47.045Z - Manas: 18.52043, 73.856743
2026-05-02T05:25:47.161Z - Rupesh: 21.845963, 84.357525
2026-05-02T05:25:47.284Z - User_705: 21.845963, 84.357525
2026-05-02T05:25:51.698Z - User_644: 21.845963, 84.357525
2026-05-02T05:25:52.039Z - Manas: 18.52043, 73.856743
2026-05-02T05:25:52.135Z - Rupesh: 21.845963, 84.357525
2026-05-02T05:25:52.317Z - User_705: 21.845963, 84.357525
2026-05-02T05:25:57.040Z - Manas: 18.52043, 73.856743
2026-05-02T05:25:59.796Z - User_644: 21.845963, 84.357525
2026-05-02T05:25:59.805Z - Rupesh: 21.845963, 84.357525
2026-05-02T05:25:59.807Z - User_705: 21.845963, 84.357525
2026-05-02T05:26:01.706Z - User_644: 21.845963, 84.357525
2026-05-02T05:26:02.047Z - Manas: 18.52043, 73.856743
2026-05-02T05:26:02.120Z - Rupesh: 21.845963, 84.357525
2026-05-02T05:26:02.278Z - User_705: 21.845963, 84.357525
2026-05-02T05:26:06.701Z - User_644: 21.845963, 84.357525
2026-05-02T05:26:07.039Z - Manas: 18.52043, 73.856743
2026-05-02T05:26:07.127Z - Rupesh: 21.845963, 84.357525
2026-05-02T05:26:07.291Z - User_705: 21.845963, 84.357525
2026-05-02T05:26:12.045Z - Manas: 18.52043, 73.856743
2026-05-02T05:26:14.834Z - Rupesh: 21.845963, 84.357525
2026-05-02T05:26:14.843Z - User_705: 21.845963, 84.357525
2026-05-02T05:26:14.846Z - User_644: 21.845963, 84.357525
2026-05-02T05:26:16.708Z - User_644: 21.845963, 84.357525
2026-05-02T05:26:17.050Z - Manas: 18.52043, 73.856743
2026-05-02T05:26:17.146Z - Rupesh: 21.845963, 84.357525
2026-05-02T05:26:17.299Z - User_705: 21.845963, 84.357525
2026-05-02T05:26:22.422Z - Manas: 18.52043, 73.856743
2026-05-02T05:26:22.563Z - User_644: 21.845963, 84.357525
2026-05-02T05:26:22.573Z - User_705: 21.845963, 84.357525
2026-05-02T05:26:22.574Z - Rupesh: 21.845963, 84.357525
2026-05-02T05:26:27.044Z - Manas: 18.52043, 73.856743
2026-05-02T05:26:29.799Z - User_644: 21.845963, 84.357525
2026-05-02T05:26:29.808Z - Rupesh: 21.845963, 84.357525
2026-05-02T05:26:29.809Z - User_705: 21.845963, 84.357525
2026-05-02T05:26:31.716Z - User_644: 21.845963, 84.357525
2026-05-02T05:26:32.039Z - Manas: 18.52043, 73.856743
2026-05-02T05:26:32.144Z - Rupesh: 21.845963, 84.357525
2026-05-02T05:26:32.287Z - User_705: 21.845963, 84.357525
2026-05-02T05:26:37.050Z - Manas: 18.52043, 73.856743
2026-05-02T05:26:37.144Z - Rupesh: 21.845963, 84.357525
2026-05-02T05:26:37.294Z - User_705: 21.845963, 84.357525
2026-05-02T05:26:37.539Z - User_644: 21.845963, 84.357525
2026-05-02T05:26:42.046Z - Manas: 18.52043, 73.856743
2026-05-02T05:26:45.232Z - Rupesh: 21.845963, 84.357525
2026-05-02T05:26:45.241Z - User_705: 21.845963, 84.357525
2026-05-02T05:26:45.243Z - User_644: 21.845963, 84.357525
2026-05-02T05:26:47.036Z - Manas: 18.52043, 73.856743
2026-05-02T05:26:47.132Z - Rupesh: 21.845963, 84.357525
2026-05-02T05:26:47.293Z - User_705: 21.845963, 84.357525
2026-05-02T05:26:47.530Z - User_644: 21.845963, 84.357525
2026-05-02T05:26:52.042Z - Manas: 18.52043, 73.856743
2026-05-02T05:26:52.151Z - Rupesh: 21.845963, 84.357525
2026-05-02T05:26:52.346Z - User_705: 21.845963, 84.357525
2026-05-02T05:26:52.532Z - User_644: 21.845963, 84.357525
2026-05-02T05:26:57.041Z - Manas: 18.52043, 73.856743
2026-05-02T05:27:00.270Z - User_705: 21.845963, 84.357525
2026-05-02T05:27:00.281Z - Rupesh: 21.845963, 84.357525
2026-05-02T05:27:00.284Z - User_644: 21.845963, 84.357525
2026-05-02T05:27:01.899Z - User_644: 21.845963, 84.357525
2026-05-02T05:27:02.050Z - Manas: 18.52043, 73.856743
2026-05-02T05:27:02.156Z - Rupesh: 21.845963, 84.357525
2026-05-02T05:27:06.708Z - User_644: 21.845963, 84.357525
2026-05-02T05:27:07.036Z - Manas: 18.52043, 73.856743
2026-05-02T05:27:07.127Z - Rupesh: 21.845963, 84.357525
2026-05-02T05:27:12.051Z - Manas: 18.52043, 73.856743
2026-05-02T05:27:14.619Z - User_644: 21.845963, 84.357525
2026-05-02T05:27:14.649Z - Rupesh: 21.845963, 84.357525
2026-05-02T05:27:14.652Z - Amiya: 21.845963, 84.357525
2026-05-02T05:27:16.502Z - Amiya: 21.845963, 84.357525
2026-05-02T05:27:16.722Z - User_644: 21.845963, 84.357525
2026-05-02T05:27:17.044Z - Manas: 18.52043, 73.856743
2026-05-02T05:27:17.150Z - Rupesh: 21.845963, 84.357525
2026-05-02T05:27:21.497Z - Amiya: 21.845963, 84.357525
2026-05-02T05:27:21.711Z - User_644: 21.845963, 84.357525
2026-05-02T05:27:22.044Z - Manas: 18.52043, 73.856743
2026-05-02T05:27:22.149Z - Rupesh: 21.845963, 84.357525
2026-05-02T05:27:27.046Z - Manas: 18.52043, 73.856743
2026-05-02T05:27:29.625Z - User_644: 21.845963000000005, 84.35752500000001
2026-05-02T05:27:29.634Z - Amiya: 21.845963000000005, 84.35752500000001
2026-05-02T05:27:29.641Z - Rupesh: 21.845963000000005, 84.35752500000001
2026-05-02T05:27:31.479Z - Amiya: 21.845963000000005, 84.35752500000001
2026-05-02T05:27:31.700Z - User_644: 21.845963000000005, 84.35752500000001
2026-05-02T05:27:32.038Z - Manas: 18.52043, 73.856743
2026-05-02T05:27:32.134Z - Rupesh: 21.845963000000005, 84.35752500000001
2026-05-02T05:27:36.509Z - Amiya: 21.845963000000005, 84.35752500000001
2026-05-02T05:27:36.703Z - User_644: 21.845963000000005, 84.35752500000001
2026-05-02T05:27:37.041Z - Manas: 18.52043, 73.856743
2026-05-02T05:27:37.126Z - Rupesh: 21.845963000000005, 84.35752500000001
2026-05-02T05:27:42.039Z - Manas: 18.52043, 73.856743
2026-05-02T05:27:44.631Z - Amiya: 21.845963, 84.357525
2026-05-02T05:27:44.639Z - Rupesh: 21.845963, 84.357525
2026-05-02T05:27:44.639Z - User_644: 21.845963, 84.357525
2026-05-02T05:27:46.495Z - Amiya: 21.845963, 84.357525
2026-05-02T05:27:46.718Z - User_644: 21.845963, 84.357525
2026-05-02T05:27:47.047Z - Manas: 18.52043, 73.856743
2026-05-02T05:27:47.150Z - Rupesh: 21.845963, 84.357525
2026-05-02T05:27:51.493Z - Amiya: 21.845963, 84.357525
2026-05-02T05:27:51.716Z - User_644: 21.845963, 84.357525
2026-05-02T05:27:52.041Z - Manas: 18.52043, 73.856743
2026-05-02T05:27:52.131Z - Rupesh: 21.845963, 84.357525
2026-05-02T05:27:57.424Z - Manas: 18.52043, 73.856743
2026-05-02T05:27:59.625Z - Rupesh: 21.845963, 84.357525
2026-05-02T05:27:59.634Z - User_644: 21.845963, 84.357525
2026-05-02T05:27:59.636Z - Amiya: 21.845963, 84.357525
2026-05-02T05:28:01.538Z - Amiya: 21.845963, 84.357525
2026-05-02T05:28:02.426Z - Manas: 18.52043, 73.856743
2026-05-02T05:28:02.552Z - Rupesh: 21.845963, 84.357525
2026-05-02T05:28:02.561Z - User_644: 21.845963, 84.357525
2026-05-02T05:28:06.529Z - Amiya: 21.845963, 84.357525
2026-05-02T05:28:06.702Z - User_644: 21.845963, 84.357525
2026-05-02T05:28:07.046Z - Manas: 18.52043, 73.856743
2026-05-02T05:28:07.124Z - Rupesh: 21.845963, 84.357525
2026-05-02T05:28:12.043Z - Manas: 18.52043, 73.856743
2026-05-02T05:28:16.531Z - Amiya: 21.845963, 84.357525
2026-05-02T05:28:17.426Z - Manas: 18.52043, 73.856743
2026-05-02T05:28:17.549Z - User_644: 21.845963, 84.357525
2026-05-02T05:28:17.553Z - Rupesh: 21.845963, 84.357525
2026-05-02T05:28:21.628Z - Amiya: 21.845963, 84.357525
2026-05-02T05:28:22.425Z - Manas: 18.52043, 73.856743
2026-05-02T05:28:22.546Z - Rupesh: 21.845963, 84.357525
2026-05-02T05:28:22.554Z - User_644: 21.845963, 84.357525
2026-05-02T05:28:26.534Z - Amiya: 21.845963, 84.357525
2026-05-02T05:28:27.042Z - Manas: 18.52043, 73.856743
2026-05-02T05:28:31.582Z - Amiya: 21.845963, 84.357525
2026-05-02T05:28:32.425Z - Manas: 18.52043, 73.856743
2026-05-02T05:28:32.544Z - User_644: 21.845963, 84.357525
2026-05-02T05:28:32.553Z - Rupesh: 21.845963, 84.357525
2026-05-02T05:28:36.617Z - Amiya: 21.845963, 84.357525
2026-05-02T05:28:36.783Z - User_644: 21.845963, 84.357525
2026-05-02T05:28:37.056Z - Manas: 18.52043, 73.856743
2026-05-02T05:28:37.140Z - Rupesh: 21.845963, 84.357525
2026-05-02T05:28:41.490Z - Amiya: 21.845963, 84.357525
2026-05-02T05:28:42.040Z - Manas: 18.52043, 73.856743
2026-05-02T05:28:44.817Z - Rupesh: 21.845963, 84.357525
2026-05-02T05:28:44.826Z - User_644: 21.845963, 84.357525
2026-05-02T05:28:46.503Z - Amiya: 21.845963, 84.357525
2026-05-02T05:28:46.741Z - User_644: 21.845963, 84.357525
2026-05-02T05:28:47.041Z - Manas: 18.52043, 73.856743
2026-05-02T05:28:47.198Z - Rupesh: 21.845963, 84.357525
2026-05-02T05:28:51.381Z - Amiya: 28.613939, 77.209023
2026-05-02T05:28:51.705Z - User_644: 21.845963, 84.357525
2026-05-02T05:28:52.041Z - Manas: 18.52043, 73.856743
2026-05-02T05:28:52.127Z - Rupesh: 21.845963, 84.357525
2026-05-02T05:28:56.391Z - Amiya: 28.613939, 77.209023
2026-05-02T05:28:57.048Z - Manas: 18.52043, 73.856743
2026-05-02T05:28:59.798Z - Rupesh: 21.845963, 84.357525
2026-05-02T05:28:59.808Z - User_644: 21.845963, 84.357525
2026-05-02T05:29:01.382Z - Amiya: 28.613939, 77.209023
2026-05-02T05:29:01.700Z - User_644: 21.845963, 84.357525
2026-05-02T05:29:02.041Z - Manas: 18.52043, 73.856743
2026-05-02T05:29:02.128Z - Rupesh: 21.845963, 84.357525
2026-05-02T05:29:06.394Z - Amiya: 28.613939, 77.209023
2026-05-02T05:29:06.701Z - User_644: 21.845963, 84.357525
2026-05-02T05:29:07.058Z - Manas: 18.52043, 73.856743
2026-05-02T05:29:07.127Z - Rupesh: 21.845963, 84.357525
2026-05-02T05:29:11.387Z - Amiya: 28.613939, 77.209023
2026-05-02T05:29:12.047Z - Manas: 18.52043, 73.856743
2026-05-02T05:29:14.811Z - User_644: 21.845963, 84.357525
2026-05-02T05:29:14.822Z - Rupesh: 21.845963, 84.357525
2026-05-02T05:29:16.379Z - Amiya: 28.613939, 77.209023
2026-05-02T05:29:16.694Z - User_644: 21.845963, 84.357525
2026-05-02T05:29:17.046Z - Manas: 18.52043, 73.856743
2026-05-02T05:29:17.121Z - Rupesh: 21.845963, 84.357525
2026-05-02T05:29:21.391Z - Amiya: 28.613939, 77.209023
2026-05-02T05:29:21.707Z - User_644: 21.845963, 84.357525
2026-05-02T05:29:22.046Z - Manas: 18.52043, 73.856743
2026-05-02T05:29:22.126Z - Rupesh: 21.845963, 84.357525
2026-05-02T05:29:26.387Z - Amiya: 28.613939, 77.209023
2026-05-02T05:29:27.041Z - Manas: 18.52043, 73.856743
2026-05-02T05:29:29.920Z - Rupesh: 21.845963, 84.357525
2026-05-02T05:29:29.933Z - User_644: 21.845963, 84.357525
2026-05-02T05:29:31.381Z - Amiya: 28.613939, 77.209023
2026-05-02T05:29:31.714Z - User_644: 21.845963, 84.357525
2026-05-02T05:29:32.052Z - Manas: 18.52043, 73.856743
2026-05-02T05:29:32.130Z - Rupesh: 21.845963, 84.357525
2026-05-02T05:29:36.380Z - Amiya: 28.613939, 77.209023
2026-05-02T05:29:36.710Z - User_644: 21.845963, 84.357525
2026-05-02T05:29:37.043Z - Manas: 18.52043, 73.856743
2026-05-02T05:29:37.153Z - Rupesh: 21.845963, 84.357525
2026-05-02T05:29:41.449Z - Amiya: 28.613939, 77.209023
2026-05-02T05:29:42.038Z - Manas: 18.52043, 73.856743
2026-05-02T05:29:45.228Z - Rupesh: 21.845963, 84.357525
2026-05-02T05:29:46.387Z - Amiya: 28.613939, 77.209023
2026-05-02T05:29:47.052Z - Manas: 18.52043, 73.856743
2026-05-02T05:29:47.132Z - Rupesh: 21.845963, 84.357525
2026-05-02T05:29:51.384Z - Amiya: 28.613939, 77.209023
2026-05-02T05:29:52.050Z - Manas: 18.52043, 73.856743
2026-05-02T05:29:52.145Z - Rupesh: 21.845963, 84.357525
2026-05-02T05:29:56.379Z - Amiya: 28.613939, 77.209023
2026-05-02T05:29:57.044Z - Manas: 18.52043, 73.856743
2026-05-02T05:30:00.258Z - Rupesh: 21.845963, 84.357525
2026-05-02T05:30:00.293Z - Adii: 21.845963, 84.357525
2026-05-02T05:30:01.391Z - Amiya: 28.613939, 77.209023
2026-05-02T05:30:02.047Z - Manas: 18.52043, 73.856743
2026-05-02T05:30:02.194Z - Rupesh: 21.845963, 84.357525
2026-05-02T05:30:02.331Z - Adii: 21.845963, 84.357525
2026-05-02T05:30:06.389Z - Amiya: 28.613939, 77.209023
2026-05-02T05:30:07.052Z - Manas: 18.52043, 73.856743
2026-05-02T05:30:07.155Z - Rupesh: 21.845963, 84.357525
2026-05-02T05:30:07.373Z - Adii: 21.845963, 84.357525
2026-05-02T05:30:11.388Z - Amiya: 28.613939, 77.209023
2026-05-02T05:30:12.043Z - Manas: 18.52043, 73.856743
2026-05-02T05:30:15.254Z - Rupesh: 21.845963, 84.357525
2026-05-02T05:30:15.263Z - Adii: 21.845963, 84.357525
2026-05-02T05:30:16.381Z - Amiya: 28.613939, 77.209023
2026-05-02T05:30:17.053Z - Manas: 18.52043, 73.856743
2026-05-02T05:30:17.129Z - Rupesh: 21.845963, 84.357525
2026-05-02T05:30:17.334Z - Adii: 21.845963, 84.357525
2026-05-02T05:30:21.377Z - Amiya: 28.613939, 77.209023
2026-05-02T05:30:22.048Z - Manas: 18.52043, 73.856743
2026-05-02T05:30:22.141Z - Rupesh: 21.845963, 84.357525
2026-05-02T05:30:22.334Z - Adii: 21.845963, 84.357525
2026-05-02T05:30:26.385Z - Amiya: 28.613939, 77.209023
2026-05-02T05:30:27.045Z - Manas: 18.52043, 73.856743
2026-05-02T05:30:30.231Z - Rupesh: 21.845963, 84.357525
2026-05-02T05:30:30.250Z - Adii: 21.845963, 84.357525
2026-05-02T05:30:31.389Z - Amiya: 28.613939, 77.209023
2026-05-02T05:30:32.047Z - Manas: 18.52043, 73.856743
2026-05-02T05:30:32.130Z - Rupesh: 21.845963, 84.357525
2026-05-02T05:30:32.363Z - Adii: 21.845963, 84.357525
2026-05-02T05:30:36.376Z - Amiya: 28.613939, 77.209023
2026-05-02T05:30:37.048Z - Manas: 18.52043, 73.856743
2026-05-02T05:30:37.132Z - Rupesh: 21.845963, 84.357525
2026-05-02T05:30:37.329Z - Adii: 21.845963, 84.357525
2026-05-02T05:30:41.385Z - Amiya: 28.613939, 77.209023
2026-05-02T05:30:42.044Z - Manas: 18.52043, 73.856743
2026-05-02T05:30:45.224Z - Rupesh: 21.845963, 84.357525
2026-05-02T05:30:45.234Z - Adii: 21.845963, 84.357525
2026-05-02T05:30:46.385Z - Amiya: 28.613939, 77.209023
2026-05-02T05:30:47.040Z - Manas: 18.52043, 73.856743
2026-05-02T05:30:47.140Z - Rupesh: 21.845963, 84.357525
2026-05-02T05:30:47.340Z - Adii: 21.845963, 84.357525
2026-05-02T05:30:51.378Z - Amiya: 28.613939, 77.209023
2026-05-02T05:30:52.038Z - Manas: 18.52043, 73.856743
2026-05-02T05:30:52.135Z - Rupesh: 21.845963, 84.357525
2026-05-02T05:30:52.348Z - Adii: 21.845963, 84.357525
2026-05-02T05:30:56.390Z - Amiya: 28.613939, 77.209023
2026-05-02T05:30:57.051Z - Manas: 18.52043, 73.856743
2026-05-02T05:31:00.271Z - Rupesh: 21.845963, 84.357525
2026-05-02T05:31:00.280Z - Adii: 21.845963, 84.357525
2026-05-02T05:31:01.384Z - Amiya: 28.613939, 77.209023
2026-05-02T05:31:02.040Z - Manas: 18.52043, 73.856743
2026-05-02T05:31:02.141Z - Rupesh: 21.845963, 84.357525
2026-05-02T05:31:02.332Z - Adii: 21.845963, 84.357525
2026-05-02T05:31:06.391Z - Amiya: 28.613939, 77.209023
2026-05-02T05:31:07.051Z - Manas: 18.52043, 73.856743
2026-05-02T05:31:07.147Z - Rupesh: 21.845963, 84.357525
2026-05-02T05:31:07.333Z - Adii: 21.845963, 84.357525
2026-05-02T05:31:11.390Z - Amiya: 28.613939, 77.209023
2026-05-02T05:31:12.050Z - Manas: 18.52043, 73.856743
2026-05-02T05:31:15.230Z - Rupesh: 21.845963, 84.357525
2026-05-02T05:31:15.239Z - Adii: 21.845963, 84.357525
2026-05-02T05:31:16.385Z - Amiya: 28.613939, 77.209023
2026-05-02T05:31:17.045Z - Manas: 18.52043, 73.856743
2026-05-02T05:31:17.123Z - Rupesh: 21.845963, 84.357525
2026-05-02T05:31:17.329Z - Adii: 21.845963, 84.357525
2026-05-02T05:31:21.394Z - Amiya: 28.613939, 77.209023
2026-05-02T05:31:22.052Z - Manas: 18.52043, 73.856743
2026-05-02T05:31:22.136Z - Rupesh: 21.845963, 84.357525
2026-05-02T05:31:22.340Z - Adii: 21.845963, 84.357525
2026-05-02T05:31:26.383Z - Amiya: 28.613939, 77.209023
2026-05-02T05:31:27.039Z - Manas: 18.52043, 73.856743
2026-05-02T05:31:30.234Z - Rupesh: 21.845963, 84.357525
2026-05-02T05:31:30.245Z - Adii: 21.845963, 84.357525
2026-05-02T05:31:31.379Z - Amiya: 28.613939, 77.209023
2026-05-02T05:31:32.040Z - Manas: 18.52043, 73.856743
2026-05-02T05:31:32.140Z - Rupesh: 21.845963, 84.357525
2026-05-02T05:31:32.341Z - Adii: 21.845963, 84.357525
2026-05-02T05:31:36.382Z - Amiya: 28.613939, 77.209023
2026-05-02T05:31:37.040Z - Manas: 18.52043, 73.856743
2026-05-02T05:31:37.150Z - Rupesh: 21.845963, 84.357525
2026-05-02T05:31:37.336Z - Adii: 21.845963, 84.357525
2026-05-02T05:31:41.383Z - Amiya: 28.613939, 77.209023
2026-05-02T05:31:42.043Z - Manas: 18.52043, 73.856743
2026-05-02T05:31:45.234Z - Rupesh: 21.845963, 84.357525
2026-05-02T05:31:45.245Z - Adii: 21.845963, 84.357525
2026-05-02T05:31:46.383Z - Amiya: 28.613939, 77.209023
2026-05-02T05:31:47.039Z - Manas: 18.52043, 73.856743
2026-05-02T05:31:47.135Z - Rupesh: 21.845963, 84.357525
2026-05-02T05:31:47.333Z - Adii: 21.845963, 84.357525
2026-05-02T05:31:51.384Z - Amiya: 28.613939, 77.209023
2026-05-02T05:31:52.042Z - Manas: 18.52043, 73.856743
2026-05-02T05:31:52.161Z - Rupesh: 21.845963, 84.357525
2026-05-02T05:31:52.231Z - Adii: 19.813455, 85.831237
2026-05-02T05:31:56.392Z - Amiya: 28.613939, 77.209023
2026-05-02T05:31:57.048Z - Manas: 18.52043, 73.856743
2026-05-02T05:31:57.221Z - Adii: 19.813455, 85.831237
2026-05-02T05:32:00.256Z - Rupesh: 21.845963, 84.357525
2026-05-02T05:32:01.387Z - Amiya: 28.613939, 77.209023
2026-05-02T05:32:02.043Z - Manas: 18.52043, 73.856743
2026-05-02T05:32:02.160Z - Rupesh: 21.845963, 84.357525
2026-05-02T05:32:02.219Z - Adii: 19.813455, 85.831237
2026-05-02T05:32:06.392Z - Amiya: 28.613939, 77.209023
2026-05-02T05:32:07.048Z - Manas: 18.52043, 73.856743
2026-05-02T05:32:07.137Z - Rupesh: 21.845963, 84.357525
2026-05-02T05:32:07.220Z - Adii: 19.813455, 85.831237
2026-05-02T05:32:11.391Z - Amiya: 28.613939, 77.209023
2026-05-02T05:32:12.049Z - Manas: 18.52043, 73.856743
2026-05-02T05:32:12.221Z - Adii: 19.813455, 85.831237
2026-05-02T05:32:15.325Z - Rupesh: 21.845963, 84.357525
2026-05-02T05:32:16.390Z - Amiya: 28.613939, 77.209023
2026-05-02T05:32:17.049Z - Manas: 18.52043, 73.856743
2026-05-02T05:32:17.140Z - Rupesh: 21.845963, 84.357525
2026-05-02T05:32:17.234Z - Adii: 19.813455, 85.831237
2026-05-02T05:32:21.388Z - Amiya: 28.613939, 77.209023
2026-05-02T05:32:22.048Z - Manas: 18.52043, 73.856743
2026-05-02T05:32:22.137Z - Rupesh: 21.845963, 84.357525
2026-05-02T05:32:22.233Z - Adii: 19.813455, 85.831237
2026-05-02T05:32:26.389Z - Amiya: 28.613939, 77.209023
2026-05-02T05:32:27.050Z - Manas: 18.52043, 73.856743
2026-05-02T05:32:27.084Z - Rupesh: 21.845963, 84.357525
2026-05-02T05:32:27.223Z - Adii: 19.813455, 85.831237
2026-05-02T05:32:31.380Z - Amiya: 28.613939, 77.209023
2026-05-02T05:32:32.042Z - Manas: 18.52043, 73.856743
2026-05-02T05:32:32.228Z - Adii: 19.813455, 85.831237
2026-05-02T05:32:35.329Z - Rupesh: 21.845963, 84.357525
2026-05-02T05:32:36.395Z - Amiya: 28.613939, 77.209023
2026-05-02T05:32:37.048Z - Manas: 18.52043, 73.856743
2026-05-02T05:32:37.130Z - Rupesh: 21.845963, 84.357525
2026-05-02T05:32:37.222Z - Adii: 19.813455, 85.831237
2026-05-02T05:32:41.380Z - Amiya: 28.613939, 77.209023
2026-05-02T05:32:42.040Z - Manas: 18.52043, 73.856743
2026-05-02T05:32:42.132Z - Rupesh: 21.845963, 84.357525
2026-05-02T05:32:42.232Z - Adii: 19.813455, 85.831237
2026-05-02T05:32:46.383Z - Amiya: 28.613939, 77.209023
2026-05-02T05:32:47.041Z - Manas: 18.52043, 73.856743
2026-05-02T05:32:47.229Z - Adii: 19.813455, 85.831237
2026-05-02T05:32:50.229Z - Rupesh: 21.845963, 84.357525
2026-05-02T05:32:51.383Z - Amiya: 28.613939, 77.209023
2026-05-02T05:32:52.042Z - Manas: 18.52043, 73.856743
2026-05-02T05:32:52.136Z - Rupesh: 21.845963, 84.357525
2026-05-02T05:32:52.231Z - Adii: 19.813455, 85.831237
2026-05-02T05:32:56.385Z - Amiya: 28.613939, 77.209023
2026-05-02T05:32:57.041Z - Manas: 18.52043, 73.856743
2026-05-02T05:32:57.167Z - Rupesh: 21.845963, 84.357525
2026-05-02T05:32:57.225Z - Adii: 19.813455, 85.831237
2026-05-02T05:33:01.377Z - Amiya: 28.613939, 77.209023
2026-05-02T05:33:02.038Z - Manas: 18.52043, 73.856743
2026-05-02T05:33:02.228Z - Adii: 19.813455, 85.831237
2026-05-02T05:33:06.432Z - Amiya: 28.613939, 77.209023
2026-05-02T05:33:07.428Z - Manas: 18.52043, 73.856743
2026-05-02T05:33:07.435Z - Adii: 19.813455, 85.831237
2026-05-02T05:33:07.581Z - Rupesh: 21.845963, 84.357525
2026-05-02T05:33:11.420Z - Amiya: 28.613939, 77.209023
2026-05-02T05:33:12.420Z - Adii: 19.813455, 85.831237
2026-05-02T05:33:12.426Z - Manas: 18.52043, 73.856743
2026-05-02T05:33:12.542Z - Rupesh: 21.845963, 84.357525
2026-05-02T05:37:53.018Z - Rupesh: 21.845963, 84.357525
2026-05-02T05:37:53.028Z - Rupesh: 21.845963, 84.357525
2026-05-02T05:37:53.029Z - Rupesh: 21.845963, 84.357525
2026-05-02T05:37:53.031Z - Rupesh: 21.845963, 84.357525
2026-05-02T05:37:56.560Z - Rupesh: 21.845963, 84.357525
2026-05-02T05:38:04.691Z - Rupesh: 21.845963, 84.357525
2026-05-02T05:38:06.212Z - Rupesh: 21.845963, 84.357525
2026-05-02T05:38:11.198Z - Rupesh: 21.845963, 84.357525
2026-05-02T05:38:18.551Z - Tapas: 18.52043, 73.856743
2026-05-02T05:38:19.306Z - Rupesh: 21.845963, 84.357525
2026-05-02T05:38:21.182Z - Rupesh: 21.845963, 84.357525
2026-05-02T05:38:23.537Z - Tapas: 18.52043, 73.856743
2026-05-02T05:38:26.233Z - Rupesh: 21.845963, 84.357525
2026-05-02T05:38:28.530Z - Tapas: 18.52043, 73.856743
2026-05-02T05:38:33.530Z - Tapas: 18.52043, 73.856743
2026-05-02T05:38:34.425Z - Rupesh: 21.845963, 84.357525
2026-05-02T05:38:36.192Z - Rupesh: 21.845963, 84.357525
2026-05-02T05:38:38.542Z - Tapas: 18.52043, 73.856743
2026-05-02T05:38:41.242Z - Rupesh: 21.845963, 84.357525
2026-05-02T05:38:43.537Z - Tapas: 18.52043, 73.856743
2026-05-02T05:38:48.539Z - Tapas: 18.52043, 73.856743
2026-05-02T05:38:49.282Z - Rupesh: 21.845963, 84.357525
2026-05-02T05:38:51.181Z - Rupesh: 21.845963, 84.357525
2026-05-02T05:38:51.422Z - Amiya: 19.813455, 85.831237
2026-05-02T05:38:53.533Z - Tapas: 18.52043, 73.856743
2026-05-02T05:38:56.174Z - Rupesh: 21.845963, 84.357525
2026-05-02T05:38:56.457Z - Amiya: 19.813455, 85.831237
2026-05-02T05:38:58.539Z - Tapas: 18.52043, 73.856743
2026-05-02T05:39:01.411Z - Amiya: 19.813455, 85.831237
2026-05-02T05:39:03.535Z - Tapas: 18.52043, 73.856743
2026-05-02T05:39:04.354Z - Rupesh: 21.845963, 84.357525
2026-05-02T05:39:06.172Z - Rupesh: 21.845963, 84.357525
2026-05-02T05:39:06.414Z - Amiya: 19.813455, 85.831237
2026-05-02T05:39:08.550Z - Tapas: 18.52043, 73.856743
2026-05-02T05:39:11.209Z - Rupesh: 21.845963, 84.357525
2026-05-02T05:39:11.415Z - Amiya: 19.813455, 85.831237
2026-05-02T05:39:13.544Z - Tapas: 18.52043, 73.856743
2026-05-02T05:39:16.411Z - Amiya: 19.813455, 85.831237
2026-05-02T05:39:17.048Z - Manas: 28.613939, 77.209023
2026-05-02T05:39:18.530Z - Tapas: 18.52043, 73.856743
2026-05-02T05:39:19.265Z - Rupesh: 21.845963, 84.357525
2026-05-02T05:39:21.182Z - Rupesh: 21.845963, 84.357525
2026-05-02T05:39:21.413Z - Amiya: 19.813455, 85.831237
2026-05-02T05:39:22.030Z - Manas: 28.613939, 77.209023
2026-05-02T05:39:23.541Z - Tapas: 18.52043, 73.856743
2026-05-02T05:39:26.187Z - Rupesh: 21.845963, 84.357525
2026-05-02T05:39:26.417Z - Amiya: 19.813455, 85.831237
2026-05-02T05:39:27.029Z - Manas: 28.613939, 77.209023
2026-05-02T05:39:28.542Z - Tapas: 18.52043, 73.856743
2026-05-02T05:39:31.418Z - Amiya: 19.813455, 85.831237
2026-05-02T05:39:32.034Z - Manas: 28.613939, 77.209023
2026-05-02T05:39:33.542Z - Tapas: 18.52043, 73.856743
2026-05-02T05:39:34.332Z - Rupesh: 21.845963, 84.357525
2026-05-02T05:39:36.178Z - Rupesh: 21.845963, 84.357525
2026-05-02T05:39:36.412Z - Amiya: 19.813455, 85.831237
2026-05-02T05:39:37.036Z - Manas: 28.613939, 77.209023
2026-05-02T05:39:38.531Z - Tapas: 18.52043, 73.856743
2026-05-02T05:39:41.205Z - Rupesh: 21.845963, 84.357525
2026-05-02T05:39:41.423Z - Amiya: 19.813455, 85.831237
2026-05-02T05:39:42.032Z - Manas: 28.613939, 77.209023
2026-05-02T05:39:43.539Z - Tapas: 18.52043, 73.856743
2026-05-02T05:39:46.417Z - Amiya: 19.813455, 85.831237
2026-05-02T05:39:47.040Z - Manas: 28.613939, 77.209023
2026-05-02T05:39:48.537Z - Tapas: 18.52043, 73.856743
2026-05-02T05:39:49.275Z - Rupesh: 21.845963, 84.357525
2026-05-02T05:39:51.179Z - Rupesh: 21.845963, 84.357525
2026-05-02T05:39:51.410Z - Amiya: 19.813455, 85.831237
2026-05-02T05:39:52.035Z - Manas: 28.613939, 77.209023
2026-05-02T05:39:53.539Z - Tapas: 18.52043, 73.856743
2026-05-02T05:39:56.228Z - Rupesh: 21.845963, 84.357525
2026-05-02T05:39:56.414Z - Amiya: 19.813455, 85.831237
2026-05-02T05:39:57.041Z - Manas: 28.613939, 77.209023
2026-05-02T05:39:58.529Z - Tapas: 18.52043, 73.856743
2026-05-02T05:40:01.421Z - Amiya: 19.813455, 85.831237
2026-05-02T05:40:02.422Z - Manas: 28.613939, 77.209023
2026-05-02T05:40:04.445Z - Tapas: 18.52043, 73.856743
2026-05-02T05:40:06.445Z - Amiya: 19.813455, 85.831237
2026-05-02T05:40:07.433Z - Manas: 28.613939, 77.209023
2026-05-02T05:40:09.418Z - Tapas: 18.52043, 73.856743
2026-05-02T05:40:09.726Z - Rupesh: 21.845963, 84.357525
2026-05-02T05:40:11.436Z - Amiya: 19.813455, 85.831237
2026-05-02T05:40:11.544Z - Rupesh: 21.845963, 84.357525
2026-05-02T05:40:12.432Z - Manas: 28.613939, 77.209023
2026-05-02T05:40:15.063Z - Tapas: 18.52043, 73.856743
2026-05-02T05:40:16.426Z - Amiya: 19.813455, 85.831237
2026-05-02T05:40:16.563Z - Rupesh: 21.845963, 84.357525
2026-05-02T05:40:17.444Z - Manas: 28.613939, 77.209023
2026-05-02T05:40:19.424Z - Tapas: 18.52043, 73.856743
2026-05-02T05:40:21.435Z - Amiya: 19.813455, 85.831237
2026-05-02T05:40:22.428Z - Manas: 28.613939, 77.209023
2026-05-02T05:40:24.436Z - Tapas: 18.52043, 73.856743
2026-05-02T05:40:24.704Z - Rupesh: 21.845963, 84.357525
2026-05-02T05:40:26.440Z - Amiya: 19.813455, 85.831237
2026-05-02T05:40:26.576Z - Rupesh: 21.845963, 84.357525
2026-05-02T05:40:27.428Z - Manas: 28.613939, 77.209023
2026-05-02T05:40:29.433Z - Tapas: 18.52043, 73.856743
2026-05-02T05:40:31.434Z - Amiya: 19.813455, 85.831237
2026-05-02T05:40:31.558Z - Rupesh: 21.845963, 84.357525
2026-05-02T05:40:32.419Z - Manas: 28.613939, 77.209023
2026-05-02T05:40:34.434Z - Tapas: 18.52043, 73.856743
2026-05-02T05:40:36.439Z - Amiya: 19.813455, 85.831237
2026-05-02T05:40:37.425Z - Manas: 28.613939, 77.209023
2026-05-02T05:40:39.434Z - Tapas: 18.52043, 73.856743
2026-05-02T05:40:39.706Z - Rupesh: 21.845963, 84.357525
2026-05-02T05:40:41.427Z - Amiya: 19.813455, 85.831237
2026-05-02T05:40:41.554Z - Rupesh: 21.845963, 84.357525
2026-05-02T05:40:42.430Z - Manas: 28.613939, 77.209023
2026-05-02T05:40:44.445Z - Tapas: 18.52043, 73.856743
2026-05-03T09:34:11.978Z - user: 21.845963, 84.357525
2026-05-03T09:34:12.001Z - user: 21.845963, 84.357525
2026-05-03T09:34:12.003Z - user: 21.845963, 84.357525
2026-05-03T09:34:12.004Z - user: 21.845963, 84.357525
2026-05-03T09:34:12.005Z - user: 21.845963, 84.357525
2026-05-03T09:34:12.009Z - user: 21.845963, 84.357525
2026-05-03T09:34:12.011Z - user: 21.845963, 84.357525
2026-05-03T09:34:12.013Z - user: 21.845963, 84.357525
2026-05-03T09:34:12.014Z - user: 21.845963, 84.357525
2026-05-03T09:34:12.017Z - user: 21.845963, 84.357525
2026-05-03T09:34:12.019Z - user: 21.845963, 84.357525
2026-05-03T09:34:12.020Z - user: 21.845963, 84.357525
2026-05-03T09:34:12.022Z - user: 21.845963, 84.357525
2026-05-03T09:34:12.025Z - user: 21.845963, 84.357525
2026-05-03T09:34:12.028Z - user: 21.845963, 84.357525
2026-05-03T09:34:12.029Z - user: 21.845963, 84.357525
2026-05-03T09:34:12.031Z - user: 21.845963, 84.357525
2026-05-03T09:34:12.033Z - user: 21.845963, 84.357525
2026-05-03T09:34:12.036Z - user: 21.845963, 84.357525
2026-05-03T09:34:12.038Z - user: 21.845963, 84.357525
2026-05-03T09:34:12.042Z - user: 21.845963, 84.357525
2026-05-03T09:34:12.043Z - user: 21.845963, 84.357525
2026-05-03T09:34:12.046Z - user: 21.845963, 84.357525
2026-05-03T09:34:12.047Z - user: 21.845963, 84.357525
2026-05-03T09:34:12.049Z - user: 21.845963, 84.357525
2026-05-03T09:34:12.051Z - user: 21.845963, 84.357525
2026-05-03T09:34:12.052Z - user: 21.845963, 84.357525
2026-05-03T09:34:12.053Z - user: 21.845963, 84.357525
2026-05-03T09:34:12.054Z - user: 21.845963, 84.357525
2026-05-03T09:34:12.062Z - user: 21.845963, 84.357525
2026-05-03T09:34:12.063Z - user: 21.845963, 84.357525
2026-05-03T09:34:12.066Z - user: 21.845963, 84.357525
2026-05-03T09:34:12.069Z - user: 21.845963, 84.357525
2026-05-03T09:34:12.075Z - user: 21.845963, 84.357525
2026-05-03T09:34:12.080Z - user: 21.845963, 84.357525
2026-05-03T09:34:12.082Z - user: 21.845963, 84.357525
2026-05-03T09:34:12.083Z - user: 21.845963, 84.357525
2026-05-03T09:34:12.085Z - user: 21.845963, 84.357525
2026-05-03T09:34:12.089Z - user: 21.845963, 84.357525
2026-05-03T09:34:12.091Z - user: 21.845963, 84.357525
2026-05-03T09:34:12.093Z - user: 21.845963, 84.357525
2026-05-03T09:34:12.095Z - user: 21.845963, 84.357525
2026-05-03T09:34:12.098Z - user: 21.845963, 84.357525
2026-05-03T09:34:12.101Z - user: 21.845963, 84.357525
2026-05-03T09:34:12.102Z - user: 21.845963, 84.357525
2026-05-03T09:34:12.105Z - user: 21.845963, 84.357525
2026-05-03T09:34:12.108Z - user: 21.845963, 84.357525
2026-05-03T09:34:12.111Z - user: 21.845963, 84.357525
2026-05-03T09:34:12.112Z - user: 21.845963, 84.357525
2026-05-03T09:34:12.115Z - user: 21.845963, 84.357525
2026-05-03T09:34:12.116Z - user: 21.845963, 84.357525
2026-05-03T09:34:12.118Z - user: 21.845963, 84.357525
2026-05-03T09:34:12.120Z - user: 21.845963, 84.357525
2026-05-03T09:34:12.121Z - user: 21.845963, 84.357525
2026-05-03T09:34:12.123Z - user: 21.845963, 84.357525
2026-05-03T09:34:12.126Z - user: 21.845963, 84.357525
2026-05-03T09:34:12.128Z - user: 21.845963, 84.357525
2026-05-03T09:34:12.130Z - user: 21.845963, 84.357525
2026-05-03T09:34:12.131Z - user: 21.845963, 84.357525
2026-05-03T09:34:12.133Z - user: 21.845963, 84.357525
2026-05-03T09:34:12.134Z - user: 21.845963, 84.357525
2026-05-03T09:34:12.137Z - user: 21.845963, 84.357525
2026-05-03T09:34:12.142Z - user: 21.845963, 84.357525
2026-05-03T09:34:12.143Z - user: 21.845963, 84.357525
2026-05-03T09:34:12.146Z - user: 21.845963, 84.357525
2026-05-03T09:34:12.147Z - user: 21.845963, 84.357525
2026-05-03T09:34:12.149Z - user: 21.845963, 84.357525
2026-05-03T09:34:12.151Z - user: 21.845963, 84.357525
2026-05-03T09:34:12.153Z - user: 21.845963, 84.357525
2026-05-03T09:34:12.156Z - user: 21.845963, 84.357525
2026-05-03T09:34:12.159Z - user: 21.845963, 84.357525
2026-05-03T09:34:12.160Z - user: 21.845963, 84.357525
2026-05-03T09:34:12.162Z - user: 21.845963, 84.357525
2026-05-03T09:34:12.164Z - user: 21.845963, 84.357525
2026-05-03T09:34:12.166Z - user: 21.845963, 84.357525
2026-05-03T09:34:12.168Z - user: 21.845963, 84.357525
2026-05-03T09:34:12.172Z - user: 21.845963, 84.357525
2026-05-03T09:34:12.175Z - user: 21.845963, 84.357525
2026-05-03T09:34:12.177Z - user: 21.845963, 84.357525
2026-05-03T09:34:12.179Z - user: 21.845963, 84.357525
2026-05-03T09:34:24.987Z - User_818: 21.845963000000005, 84.35752500000001
2026-05-03T09:34:29.590Z - User_818: 21.845963000000005, 84.35752500000001
2026-05-03T09:34:36.913Z - User_818: 21.845963000000005, 84.35752500000001
2026-05-03T09:34:39.596Z - User_818: 21.845963000000005, 84.35752500000001
2026-05-03T09:34:50.571Z - User_770: 21.845963000000005, 84.35752500000001
2026-05-03T09:34:53.564Z - User_770: 21.845963000000005, 84.35752500000001
2026-05-03T09:34:58.603Z - User_770: 21.845963000000005, 84.35752500000001
2026-05-03T09:35:05.575Z - User_770: 21.845963000000005, 84.35752500000001
2026-05-03T09:35:08.578Z - User_770: 21.845963000000005, 84.35752500000001
2026-05-03T09:35:55.988Z - Rupesh: 21.845963000000005, 84.35752500000001
2026-05-03T09:35:58.937Z - Rupesh: 21.845963000000005, 84.35752500000001
2026-05-03T09:36:03.984Z - Rupesh: 21.845963000000005, 84.35752500000001
2026-05-03T09:36:10.989Z - Rupesh: 21.845963000000005, 84.35752500000001
2026-05-03T09:36:13.971Z - Rupesh: 21.845963000000005, 84.35752500000001
2026-05-03T09:36:18.961Z - Rupesh: 21.845963000000005, 84.35752500000001
2026-05-03T09:36:25.987Z - Rupesh: 21.845963000000005, 84.35752500000001
2026-05-03T09:36:28.965Z - Rupesh: 21.845963000000005, 84.35752500000001
2026-05-03T09:36:33.992Z - Rupesh: 21.845963000000005, 84.35752500000001
2026-05-03T09:36:40.985Z - Rupesh: 21.845963000000005, 84.35752500000001
2026-05-03T09:36:43.985Z - Rupesh: 21.845963000000005, 84.35752500000001
2026-05-03T09:36:48.994Z - Rupesh: 21.845963000000005, 84.35752500000001
2026-05-03T09:36:55.955Z - Rupesh: 21.845963000000005, 84.35752500000001
2026-05-03T09:36:58.972Z - Rupesh: 21.845963000000005, 84.35752500000001
2026-05-03T09:37:03.975Z - Rupesh: 21.845963000000005, 84.35752500000001
2026-05-03T09:37:10.987Z - Rupesh: 21.845963000000005, 84.35752500000001
2026-05-03T09:37:13.966Z - Rupesh: 21.845963000000005, 84.35752500000001
2026-05-03T09:37:18.965Z - Rupesh: 21.845963000000005, 84.35752500000001
2026-05-03T09:37:25.967Z - Rupesh: 21.845963000000005, 84.35752500000001
2026-05-03T09:37:28.964Z - Rupesh: 21.845963000000005, 84.35752500000001
2026-05-03T09:37:33.978Z - Rupesh: 21.845963000000005, 84.35752500000001
2026-05-03T09:37:40.930Z - Rupesh: 21.845963000000005, 84.35752500000001
2026-05-03T09:37:43.970Z - Rupesh: 21.845963000000005, 84.35752500000001
2026-05-03T09:37:48.991Z - Rupesh: 21.845963000000005, 84.35752500000001
2026-05-03T09:37:55.939Z - Rupesh: 21.845963000000005, 84.35752500000001
2026-05-03T09:37:58.969Z - Rupesh: 21.845963000000005, 84.35752500000001
2026-05-03T09:38:03.994Z - Rupesh: 21.845963000000005, 84.35752500000001
2026-05-03T09:38:08.931Z - Rupesh: 21.845963000000005, 84.35752500000001
2026-05-03T09:38:15.978Z - Rupesh: 21.845963000000005, 84.35752500000001
2026-05-03T09:38:19.010Z - Rupesh: 21.845963000000005, 84.35752500000001
2026-05-03T09:38:24.037Z - Rupesh: 21.845963000000005, 84.35752500000001
2026-05-03T09:38:30.976Z - Rupesh: 21.845963000000005, 84.35752500000001
2026-05-03T09:38:33.994Z - Rupesh: 21.845963000000005, 84.35752500000001
2026-05-03T09:38:38.994Z - Rupesh: 21.845963000000005, 84.35752500000001
2026-05-03T09:38:45.975Z - Rupesh: 21.845963000000005, 84.35752500000001
2026-05-03T09:38:48.974Z - Rupesh: 21.845963000000005, 84.35752500000001
2026-05-03T09:38:53.982Z - Rupesh: 21.845963000000005, 84.35752500000001
2026-05-03T09:39:01.003Z - Rupesh: 21.845963000000005, 84.35752500000001
2026-05-03T09:39:03.997Z - Rupesh: 21.845963000000005, 84.35752500000001
2026-05-03T09:39:08.976Z - Rupesh: 21.845963000000005, 84.35752500000001
2026-05-03T09:39:15.937Z - Rupesh: 21.845963000000005, 84.35752500000001
2026-05-03T09:39:18.982Z - Rupesh: 21.845963000000005, 84.35752500000001
2026-05-03T09:39:23.999Z - Rupesh: 21.845963000000005, 84.35752500000001
2026-05-03T09:39:30.958Z - Rupesh: 21.845963000000005, 84.35752500000001
2026-05-03T09:39:33.982Z - Rupesh: 21.845963000000005, 84.35752500000001
2026-05-03T09:39:38.974Z - Rupesh: 21.845963000000005, 84.35752500000001
2026-05-03T09:39:45.950Z - Rupesh: 21.845963000000005, 84.35752500000001
2026-05-03T09:39:48.976Z - Rupesh: 21.845963000000005, 84.35752500000001
2026-05-03T09:39:54.004Z - Rupesh: 21.845963000000005, 84.35752500000001
2026-05-03T09:40:01.263Z - Rupesh: 21.845963000000005, 84.35752500000001
2026-05-03T09:40:04.232Z - Rupesh: 21.845963000000005, 84.35752500000001
2026-05-03T09:40:09.268Z - Rupesh: 21.845963000000005, 84.35752500000001
2026-05-03T09:40:16.427Z - Rupesh: 21.845963000000005, 84.35752500000001
2026-05-03T09:40:19.331Z - Rupesh: 21.845963000000005, 84.35752500000001
2026-05-03T09:40:24.194Z - Rupesh: 21.845963000000005, 84.35752500000001
2026-05-03T09:40:31.373Z - Rupesh: 21.845963000000005, 84.35752500000001
2026-05-03T09:40:34.229Z - Rupesh: 21.845963000000005, 84.35752500000001
2026-05-03T09:40:39.243Z - Rupesh: 21.845963000000005, 84.35752500000001
2026-05-03T09:40:44.189Z - Rupesh: 21.845963000000005, 84.35752500000001
2026-05-03T09:40:51.218Z - Rupesh: 21.845963000000005, 84.35752500000001
2026-05-03T09:40:54.226Z - Rupesh: 21.845963000000005, 84.35752500000001
2026-05-03T09:40:59.272Z - Rupesh: 21.845963000000005, 84.35752500000001
2026-05-03T09:41:06.272Z - Rupesh: 21.845963000000005, 84.35752500000001
2026-05-03T09:41:09.239Z - Rupesh: 21.845963000000005, 84.35752500000001
2026-05-03T09:41:14.263Z - Rupesh: 21.845963000000005, 84.35752500000001
2026-05-03T09:42:02.280Z - Rupesh: 21.845963000000005, 84.35752500000001
2026-05-03T09:43:02.262Z - Rupesh: 21.845963000000005, 84.35752500000001
2026-05-03T09:44:02.514Z - Rupesh: 21.845963000000005, 84.35752500000001
2026-05-03T09:44:14.603Z - Rupesh: 21.845963000000005, 84.35752500000001
2026-05-03T09:44:14.621Z - Rupesh: 21.845963000000005, 84.35752500000001
2026-05-03T09:44:18.979Z - Rupesh: 21.845963000000005, 84.35752500000001
2026-05-03T09:56:47.866Z - User_798: 21.845963000000005, 84.35752500000001
2026-05-03T10:00:18.961Z - Rupesh: 21.845963000000005, 84.35752500000001
2026-05-03T10:00:21.822Z - Rupesh: 21.845963000000005, 84.35752500000001
2026-05-03T10:00:26.836Z - Rupesh: 21.845963000000005, 84.35752500000001
2026-05-03T10:00:33.792Z - Rupesh: 21.845963000000005, 84.35752500000001
2026-05-03T10:00:36.760Z - Rupesh: 21.845963000000005, 84.35752500000001
2026-05-03T10:00:41.836Z - Rupesh: 21.845963000000005, 84.35752500000001
2026-05-03T10:00:48.804Z - Rupesh: 21.845963000000005, 84.35752500000001
2026-05-03T10:00:51.780Z - Rupesh: 21.845963000000005, 84.35752500000001
2026-05-03T10:00:56.804Z - Rupesh: 21.845963000000005, 84.35752500000001
2026-05-03T10:01:03.758Z - Rupesh: 21.845963000000005, 84.35752500000001
2026-05-03T10:01:06.807Z - Rupesh: 21.845963000000005, 84.35752500000001
2026-05-03T10:01:11.836Z - Rupesh: 21.845963000000005, 84.35752500000001
2026-05-03T10:01:18.772Z - Rupesh: 21.845963000000005, 84.35752500000001
2026-05-03T10:01:21.805Z - Rupesh: 21.845963000000005, 84.35752500000001
2026-05-03T10:01:27.330Z - Rupesh: 21.845963000000005, 84.35752500000001
2026-05-03T10:01:33.486Z - Rupesh: 21.845963000000005, 84.35752500000001
2026-05-03T10:01:33.521Z - User_195: 21.845963000000005, 84.35752500000001
2026-05-03T10:01:36.498Z - User_195: 21.845963000000005, 84.35752500000001
2026-05-03T10:01:36.843Z - Rupesh: 21.845963000000005, 84.35752500000001
2026-05-03T10:01:41.491Z - User_195: 21.845963000000005, 84.35752500000001
2026-05-03T10:01:41.805Z - Rupesh: 21.845963000000005, 84.35752500000001
2026-05-03T10:01:48.488Z - User_195: 21.845963000000005, 84.35752500000001
2026-05-03T10:01:48.498Z - Rupesh: 21.845963000000005, 84.35752500000001
2026-05-03T10:01:51.474Z - User_195: 21.845963000000005, 84.35752500000001
2026-05-03T10:01:51.798Z - Rupesh: 21.845963000000005, 84.35752500000001
2026-05-03T10:01:56.497Z - User_195: 21.845963000000005, 84.35752500000001
2026-05-03T10:01:56.795Z - Rupesh: 21.845963000000005, 84.35752500000001
2026-05-03T10:02:03.644Z - Rupesh: 21.845963000000005, 84.35752500000001
2026-05-03T10:02:03.659Z - User_195: 21.845963000000005, 84.35752500000001
2026-05-03T10:02:06.490Z - User_195: 21.845963000000005, 84.35752500000001
2026-05-03T10:02:06.792Z - Rupesh: 21.845963000000005, 84.35752500000001
2026-05-03T10:02:11.518Z - User_195: 21.845963000000005, 84.35752500000001
2026-05-03T10:02:11.789Z - Rupesh: 21.845963000000005, 84.35752500000001
2026-05-03T10:02:18.484Z - Rupesh: 21.845963000000005, 84.35752500000001
2026-05-03T10:02:18.497Z - User_195: 21.845963000000005, 84.35752500000001
2026-05-03T10:02:21.490Z - User_195: 21.845963000000005, 84.35752500000001
2026-05-03T10:02:21.796Z - Rupesh: 21.845963000000005, 84.35752500000001
2026-05-03T10:02:26.491Z - User_195: 21.845963000000005, 84.35752500000001
2026-05-03T10:02:26.828Z - Rupesh: 21.845963000000005, 84.35752500000001
2026-05-03T10:02:33.461Z - Rupesh: 21.845963000000005, 84.35752500000001
2026-05-03T10:02:33.471Z - User_195: 21.845963000000005, 84.35752500000001
2026-05-03T10:02:36.477Z - User_195: 21.845963000000005, 84.35752500000001
2026-05-03T10:02:36.786Z - Rupesh: 21.845963000000005, 84.35752500000001
2026-05-03T10:02:41.361Z - User_195: 21.7431, 84.3489
2026-05-03T10:02:41.838Z - Rupesh: 21.845963000000005, 84.35752500000001
2026-05-03T10:02:46.365Z - User_195: 21.7431, 84.3489
2026-05-03T10:02:46.763Z - Rupesh: 21.845963000000005, 84.35752500000001
2026-05-03T10:02:51.359Z - User_195: 21.7431, 84.3489
2026-05-03T10:02:53.822Z - Rupesh: 21.845963000000005, 84.35752500000001
2026-05-03T10:02:56.366Z - User_195: 21.7431, 84.3489
2026-05-03T10:02:56.758Z - Rupesh: 21.845963000000005, 84.35752500000001
2026-05-03T10:03:01.374Z - User_195: 28.613939, 77.209023
2026-05-03T10:03:01.753Z - Rupesh: 21.845963000000005, 84.35752500000001
2026-05-03T10:03:06.366Z - User_195: 28.613939, 77.209023
2026-05-03T10:03:08.787Z - Rupesh: 21.845963000000005, 84.35752500000001
2026-05-03T10:03:11.362Z - User_195: 28.613939, 77.209023
2026-05-03T10:03:11.795Z - Rupesh: 21.845963000000005, 84.35752500000001
2026-05-03T10:03:16.367Z - User_195: 28.613939, 77.209023
2026-05-03T10:03:16.802Z - Rupesh: 21.845963000000005, 84.35752500000001
2026-05-03T10:03:21.364Z - User_195: 28.613939, 77.209023
2026-05-03T10:03:23.749Z - Rupesh: 21.845963000000005, 84.35752500000001
2026-05-03T10:03:26.364Z - User_195: 28.613939, 77.209023
2026-05-03T10:03:26.816Z - Rupesh: 21.845963000000005, 84.35752500000001
2026-05-03T10:03:31.359Z - User_195: 28.613939, 77.209023
2026-05-03T10:03:32.213Z - Rupesh: 21.845963000000005, 84.35752500000001
2026-05-03T10:03:36.366Z - User_195: 28.613939, 77.209023
2026-05-03T10:03:39.233Z - Rupesh: 21.845963000000005, 84.35752500000001
2026-05-03T10:03:41.361Z - User_195: 28.613939, 77.209023
2026-05-03T10:03:42.231Z - Rupesh: 21.845963000000005, 84.35752500000001
2026-05-03T10:03:46.368Z - User_195: 28.613939, 77.209023
2026-05-03T10:03:47.261Z - Rupesh: 21.845963000000005, 84.35752500000001
2026-05-03T10:03:51.364Z - User_195: 28.613939, 77.209023
2026-05-03T10:03:54.227Z - Rupesh: 21.845963000000005, 84.35752500000001
2026-05-03T10:03:56.361Z - User_195: 28.613939, 77.209023
2026-05-03T10:03:57.241Z - Rupesh: 21.845963000000005, 84.35752500000001
2026-05-03T10:04:01.362Z - User_195: 28.613939, 77.209023
2026-05-03T10:04:02.233Z - Rupesh: 21.845963000000005, 84.35752500000001
2026-05-03T10:04:06.373Z - User_195: 28.613939, 77.209023
2026-05-03T10:04:09.230Z - Rupesh: 21.845963000000005, 84.35752500000001
2026-05-03T10:04:11.389Z - User_195: 28.613939, 77.209023
2026-05-03T10:04:12.396Z - Rupesh: 21.845963000000005, 84.35752500000001
2026-05-03T10:04:16.367Z - User_195: 28.613939, 77.209023
2026-05-03T10:04:17.252Z - Rupesh: 21.845963000000005, 84.35752500000001
2026-05-03T10:04:21.376Z - User_195: 28.613939, 77.209023
2026-05-03T10:04:23.866Z - Rupesh: 21.845963000000005, 84.35752500000001
2026-05-03T10:04:26.365Z - User_195: 28.613939, 77.209023
2026-05-03T10:04:26.849Z - Rupesh: 21.845963000000005, 84.35752500000001
2026-05-03T10:04:31.374Z - User_195: 28.613939, 77.209023
2026-05-03T10:04:32.296Z - Rupesh: 21.845963000000005, 84.35752500000001
2026-05-03T10:04:36.383Z - User_195: 28.613939, 77.209023
2026-05-03T10:04:39.257Z - Rupesh: 21.845963000000005, 84.35752500000001
2026-05-03T10:04:41.375Z - User_195: 28.613939, 77.209023
2026-05-03T10:04:46.376Z - User_195: 28.613939, 77.209023
